2016-06-14 15:22:21 Start Scan Process ver. 6.0 [scanner ver. 2.3]
2016-06-14 15:22:21 Change Time limit: TRUE , Value: 7200
2016-06-14 15:22:21 Current Memory limit: 256M
2016-06-14 15:22:21 OS info: Linux (Linux srv-cpanel02.ps.kz 3.10.0-327.3.1.el7.x86_64 #1 SMP Wed Dec 9 14:09:15 UTC 2015 x86_64)
2016-06-14 15:22:21 PHP ver: 5.5.27
2016-06-14 15:22:21 Domain: http://e-ved.kz
2016-06-14 15:22:21 Scan path: /home/eved/public_html/
2016-06-14 15:22:21 Session report key: a63aa0ad40269817c4d8732e4772f2ce
2016-06-14 15:22:21 Report URL: https://www.siteguarding.com/antivirus/viewreport?report_id=a63aa0ad40269817c4d8732e4772f2ce
2016-06-14 15:22:21 TMP folder: /home/eved/public_html/wp-content/plugins/wp-antivirus-site-protection/tmp/
2016-06-14 15:22:24 -----------------------------------------------------------------------
2016-06-14 15:22:24 Collecting info about the files [METHOD 2]
2016-06-14 15:22:24 Excluded Folders: 0
2016-06-14 15:22:24 Save collected file_list
2016-06-14 15:22:24 Total files: 3723
2016-06-14 15:22:24 -----------------------------------------------------------------------
2016-06-14 15:22:24 Start - Pack with ZipArchive
2016-06-14 15:22:24 Error: ZipArchive class is not exist.
2016-06-14 15:22:24 ZipArchive method - finished
2016-06-14 15:22:24 Error: zip file is not exists. Use OwnZipClass
2016-06-14 15:22:24 OwnZipClass method - started
2016-06-14 15:22:27 OwnZipClass method - finished
2016-06-14 15:22:30 Pack file: /home/eved/public_html/wp-content/plugins/wp-antivirus-site-protection/tmp/pack_a53677376d1fdce4ea37b403e953a49d.zip
2016-06-14 15:22:30 Pack file is 11.05Mb
2016-06-14 15:22:30 -----------------------------------------------------------------------
2016-06-14 15:22:30 Start - Send Packed files to SG server
2016-06-14 15:22:30 Pack URL: /wp-content/plugins/wp-antivirus-site-protection/tmp/pack_a53677376d1fdce4ea37b403e953a49d.zip
2016-06-14 15:22:30 CURL CURLOPT_INFILE: /home/eved/public_html/wp-content/plugins/wp-antivirus-site-protection/tmp/pack_a53677376d1fdce4ea37b403e953a49d.zip
2016-06-14 15:22:30 CURL CURLOPT_INFILESIZE: 11589427
2016-06-14 15:22:34 CURL info - Array
(
    [url] => http://www.siteguarding.com/ext/antivirus/index.php?action=uploadfiles_ver2
    [content_type] => text/html
    [http_code] => 200
    [header_size] => 236
    [request_size] => 241
    [filetime] => -1
    [ssl_verify_result] => 0
    [redirect_count] => 0
    [total_time] => 4.215857
    [namelookup_time] => 4.5E-5
    [connect_time] => 0.237424
    [pretransfer_time] => 0.237987
    [size_upload] => 11590245
    [size_download] => 0
    [speed_download] => 0
    [speed_upload] => 2749202
    [download_content_length] => 0
    [upload_content_length] => 11590245
    [starttransfer_time] => 0.460454
    [redirect_time] => 0
    [redirect_url] => 
    [primary_ip] => 185.72.156.129
    [certinfo] => Array
        (
        )

    [primary_port] => 80
    [local_ip] => 195.210.46.52
    [local_port] => 44256
)

2016-06-14 15:22:34 Pack file sent for analyze - OK
2016-06-14 15:22:37 -----------------------------------------------------------------------
2016-06-14 15:22:37 Start - Report generating
2016-06-14 15:27:25 Done. Sending your report by email
2016-06-14 15:27:25 Report Sent - OK
2016-06-14 15:27:25 -----------------------------------------------------------------------
2016-06-14 15:27:25 Array
(
    [type] => 2
    [message] => curl_setopt(): supplied argument is not a valid File-Handle resource
    [file] => /home/eved/public_html/wp-content/plugins/wp-antivirus-site-protection/scanner.class.php
    [line] => 755
)

2016-06-14 15:27:25 PHP process has been terminated
